<?xml version="1.0" encoding="UTF-8"?>
<robot generator="Robot 6.1.1 (Python 3.11.3 on win32)" generated="20231220 17:40:36.760" rpa="false" schemaversion="4">
<suite id="s1" name="Preenchimento Incorreto" source="c:\Users\Deco\Desktop\Programando\Cursto-Robot\testes\preenchimento_incorreto.robot">
<test id="s1-t1" name="Verificar se quando um campo obrigatório não for preenchido corretamente o sistema exibe uma mensagem de campo obrigatório" line="10">
<kw name="Dado que eu acesse o Organo" library="setup_teardown" type="SETUP">
<kw name="Open Browser" library="SeleniumLibrary">
<arg>url=http://localhost:3000/</arg>
<arg>browser=Chrome</arg>
<doc>Opens a new browser instance to the optional ``url``.</doc>
<msg timestamp="20231220 17:40:37.014" level="INFO">Opening browser 'Chrome' to base url 'http://localhost:3000/'.</msg>
<status status="PASS" starttime="20231220 17:40:37.014" endtime="20231220 17:40:38.902"/>
</kw>
<status status="PASS" starttime="20231220 17:40:37.013" endtime="20231220 17:40:38.902"/>
</kw>
<kw name="Dado que eu clique no botão criar card" library="cadastro">
<kw name="Click Element" library="SeleniumLibrary">
<arg>${CAMPO_CARD}</arg>
<doc>Click the element identified by ``locator``.</doc>
<msg timestamp="20231220 17:40:38.905" level="INFO">Clicking element 'id:form-botao'.</msg>
<status status="PASS" starttime="20231220 17:40:38.904" endtime="20231220 17:40:38.964"/>
</kw>
<status status="PASS" starttime="20231220 17:40:38.903" endtime="20231220 17:40:38.964"/>
</kw>
<kw name="Então sistema deve apresentar mensagem de campo obrigatório" library="cadastro">
<kw name="Element Should Be Visible" library="SeleniumLibrary">
<arg>id:form-nome-erro</arg>
<doc>Verifies that the element identified by ``locator`` is visible.</doc>
<msg timestamp="20231220 17:40:38.986" level="INFO">Element 'id:form-nome-erro' is displayed.</msg>
<status status="PASS" starttime="20231220 17:40:38.965" endtime="20231220 17:40:38.986"/>
</kw>
<kw name="Element Should Be Visible" library="SeleniumLibrary">
<arg>id:form-cargo-erro</arg>
<doc>Verifies that the element identified by ``locator`` is visible.</doc>
<msg timestamp="20231220 17:40:39.008" level="INFO">Element 'id:form-cargo-erro' is displayed.</msg>
<status status="PASS" starttime="20231220 17:40:38.986" endtime="20231220 17:40:39.008"/>
</kw>
<kw name="Element Should Be Visible" library="SeleniumLibrary">
<arg>id:form-times-erro</arg>
<doc>Verifies that the element identified by ``locator`` is visible.</doc>
<msg timestamp="20231220 17:40:39.024" level="INFO">Element 'id:form-times-erro' is displayed.</msg>
<status status="PASS" starttime="20231220 17:40:39.008" endtime="20231220 17:40:39.024"/>
</kw>
<status status="PASS" starttime="20231220 17:40:38.965" endtime="20231220 17:40:39.025"/>
</kw>
<kw name="Fechar o navegador" library="setup_teardown" type="TEARDOWN">
<kw name="Close Browser" library="SeleniumLibrary">
<doc>Closes the current browser.</doc>
<status status="PASS" starttime="20231220 17:40:39.026" endtime="20231220 17:40:41.139"/>
</kw>
<status status="PASS" starttime="20231220 17:40:39.025" endtime="20231220 17:40:41.140"/>
</kw>
<status status="PASS" starttime="20231220 17:40:37.012" endtime="20231220 17:40:41.141"/>
</test>
<status status="PASS" starttime="20231220 17:40:36.765" endtime="20231220 17:40:41.144"/>
</suite>
<statistics>
<total>
<stat pass="1" fail="0" skip="0">All Tests</stat>
</total>
<tag>
</tag>
<suite>
<stat pass="1" fail="0" skip="0" id="s1" name="Preenchimento Incorreto">Preenchimento Incorreto</stat>
</suite>
</statistics>
<errors>
<msg timestamp="20231220 17:40:36.992" level="ERROR">Error in file 'c:\Users\Deco\Desktop\Programando\Cursto-Robot\resources\main.robot' on line 3: Importing library 'FakerLibrary' failed: ModuleNotFoundError: No module named 'FakerLibrary'
Traceback (most recent call last):
  None
PYTHONPATH:
  c:\Users\Deco\.vscode\extensions\robocorp.robotframework-lsp-1.11.0\src\robotframework_debug_adapter
  C:\Users\Deco\Desktop\Programando\Cursto-Robot
  c:\Users\Deco\.vscode\extensions\robocorp.robotframework-lsp-1.11.0\src
  c:\Users\Deco\.vscode\extensions\robocorp.robotframework-lsp-1.11.0\src\robotframework_ls\vendored
  C:\Users\Deco\AppData\Local\Programs\Python\Python311\python311.zip
  C:\Users\Deco\AppData\Local\Programs\Python\Python311\DLLs
  C:\Users\Deco\AppData\Local\Programs\Python\Python311\Lib
  C:\Users\Deco\AppData\Local\Programs\Python\Python311
  C:\Users\Deco\AppData\Local\Programs\Python\Python311\Lib\site-packages</msg>
</errors>
</robot>
